<?xml version="1.0" encoding="UTF-8"?>
<!-- Generated by org.testng.reporters.JUnitReportReporter -->
<testsuite hostname="Asheeshs-MacBook-Pro.local" name="gSheetTest.GmailTest" tests="1" failures="0" timestamp="17 Apr 2017 09:36:51 GMT" time="16.177" errors="0">
  <testcase name="gmailPage" time="16.177" classname="gSheetTest.GmailTest"/>
</testsuite> <!-- gSheetTest.GmailTest -->
